<?xml version="1.0" encoding="UTF-8"?>
<!-- Generated by org.testng.reporters.JUnitXMLReporter -->
<testsuite ignored="0" hostname="Chitti_Surf" failures="1" tests="2" name="Surefire test" time="72.579" errors="0" timestamp="2025-01-31T14:57:11 CST">
  <testcase classname="io.cucumber.testng.AbstractTestNGCucumberTests" name="runScenario" time="35.804"/>
  <testcase classname="io.cucumber.testng.AbstractTestNGCucumberTests" name="runScenario" time="35.528">
    <failure type="java.lang.AssertionError" message="expected [false] but found [true]">
      <![CDATA[java.lang.AssertionError: expected [false] but found [true]
at stepDefinitions.SubmitOrderStepDef.verify_confirmationmsg(SubmitOrderStepDef.java:105)
at ✽.verify the confirmation message order deleted succefully is diplayed(file:///C:/Users/hemaj/eclipse-workspace/CuCumberBDDMaveProject/src/test/java/bddcucumber/SubmitOrder.feature:21)
... Removed 4 stack frames]]>
    </failure>
  </testcase> <!-- runScenario -->
</testsuite> <!-- Surefire test -->
