<?xml version="1.0" encoding="UTF-8"?>
<!-- Generated by org.testng.reporters.JUnitXMLReporter -->
<testsuite ignored="0" hostname="Chitti_Surf" failures="2" tests="2" name="Surefire test" time="49.652" errors="0" timestamp="2025-02-10T23:00:27 CST">
  <testcase classname="io.cucumber.testng.AbstractTestNGCucumberTests" name="runScenario" time="15.995">
    <failure type="java.lang.NullPointerException" message="Cannot invoke &amp;quot;org.openqa.selenium.WebElement.findElement(org.openqa.selenium.By)&amp;quot; because the return value of &amp;quot;pageObjects.ProductCatalogPage.getProductByName(String)&amp;quot; is null">
      <![CDATA[java.lang.NullPointerException: Cannot invoke "org.openqa.selenium.WebElement.findElement(org.openqa.selenium.By)" because the return value of "pageObjects.ProductCatalogPage.getProductByName(String)" is null
at pageObjects.ProductCatalogPage.clickaddProductToCart(ProductCatalogPage.java:50)
at stepDefinitions.SubmitOrderStepDef.I_add_procut_to_cart(SubmitOrderStepDef.java:67)
at ✽.I add the product BANARSI SAREE to cart(file:///C:/Users/hemaj/eclipse-workspace/CuCumberBDDMaveProject/src/test/java/bddcucumber/SubmitOrder.feature:8)
]]>
    </failure>
  </testcase> <!-- runScenario -->
  <testcase classname="io.cucumber.testng.AbstractTestNGCucumberTests" name="runScenario" time="32.541">
    <failure type="java.lang.NullPointerException" message="Cannot invoke &amp;quot;org.openqa.selenium.WebElement.click()&amp;quot; because &amp;quot;del&amp;quot; is null">
      <![CDATA[java.lang.NullPointerException: Cannot invoke "org.openqa.selenium.WebElement.click()" because "del" is null
at pageObjects.OrdersPage.clickOnDeleteBtn(OrdersPage.java:26)
at stepDefinitions.SubmitOrderStepDef.click_delete_btn(SubmitOrderStepDef.java:97)
at ✽.click on the delete button(file:///C:/Users/hemaj/eclipse-workspace/CuCumberBDDMaveProject/src/test/java/bddcucumber/SubmitOrder.feature:20)
]]>
    </failure>
  </testcase> <!-- runScenario -->
</testsuite> <!-- Surefire test -->
