-------------------------------------------------------------------------------
Test set: myTestRunner.TestRunner
-------------------------------------------------------------------------------
Tests run: 2, Failures: 2, Errors: 0, Skipped: 0, Time elapsed: 50.84 s <<< FAILURE! -- in myTestRunner.TestRunner
myTestRunner.TestRunner.runScenario["positive test of submitting the order", "Purchase the order from Ecommerce website"](1) -- Time elapsed: 16.01 s <<< FAILURE!
java.lang.NullPointerException: Cannot invoke "org.openqa.selenium.WebElement.findElement(org.openqa.selenium.By)" because the return value of "pageObjects.ProductCatalogPage.getProductByName(String)" is null
	at pageObjects.ProductCatalogPage.clickaddProductToCart(ProductCatalogPage.java:50)
	at stepDefinitions.SubmitOrderStepDef.I_add_procut_to_cart(SubmitOrderStepDef.java:67)
	at ✽.I add the product BANARSI SAREE to cart(file:///C:/Users/hemaj/eclipse-workspace/CuCumberBDDMaveProject/src/test/java/bddcucumber/SubmitOrder.feature:8)

myTestRunner.TestRunner.runScenario["User is able to delete the product", "Purchase the order from Ecommerce website"](2) -- Time elapsed: 32.52 s <<< FAILURE!
java.lang.NullPointerException: Cannot invoke "org.openqa.selenium.WebElement.click()" because "del" is null
	at pageObjects.OrdersPage.clickOnDeleteBtn(OrdersPage.java:26)
	at stepDefinitions.SubmitOrderStepDef.click_delete_btn(SubmitOrderStepDef.java:97)
	at ✽.click on the delete button(file:///C:/Users/hemaj/eclipse-workspace/CuCumberBDDMaveProject/src/test/java/bddcucumber/SubmitOrder.feature:20)

