<?xml version="1.0" encoding="UTF-8"?>
<testsuite xmlns:xsi="http://www.w3.org/2001/XMLSchema-instance" xsi:noNamespaceSchemaLocation="https://maven.apache.org/surefire/maven-surefire-plugin/xsd/surefire-test-report.xsd" name="myTestRunner.TestRunner" time="87.527" tests="2" errors="0" skipped="0" failures="0">
  <properties>
[...]
</properties>
  <testcase name="runScenario" classname="myTestRunner.TestRunner" time="50.192"/>
  <testcase name="runScenario" classname="myTestRunner.TestRunner" time="35.115"/>
</testsuite>