<?xml version="1.0" encoding="UTF-8"?>
<testng-results ignored="0" total="2" passed="2" failed="0" skipped="0">
  <reporter-output>
  </reporter-output>
  <suite started-at="2025-02-10T23:45:54 CST" name="Suite" finished-at="2025-02-10T23:47:17 CST" duration-ms="82877">
    <groups>
      <group name="cucumber">
        <method signature="AbstractTestNGCucumberTests.runScenario(io.cucumber.testng.PickleWrapper,io.cucumber.testng.FeatureWrapper)[pri:0, instance:myTestRunner.TestRunner@dd05255]" name="runScenario" class="io.cucumber.testng.AbstractTestNGCucumberTests"/>
      </group> <!-- cucumber -->
    </groups>
    <test started-at="2025-02-10T23:45:54 CST" name="Test" finished-at="2025-02-10T23:47:17 CST" duration-ms="82877">
      <class name="myTestRunner.TestRunner">
        <test-method is-config="true" signature="setUpClass(org.testng.ITestContext)[pri:0, instance:myTestRunner.TestRunner@dd05255]" started-at="2025-02-10T23:45:54 CST" name="setUpClass" finished-at="2025-02-10T23:45:55 CST" duration-ms="1002" status="PASS">
          <params>
            <param index="0">
              <value>
                <![CDATA[org.testng.TestRunner@1cec219f]]>
              </value>
            </param>
          </params>
          <reporter-output>
          </reporter-output>
        </test-method> <!-- setUpClass -->
        <test-method signature="runScenario(io.cucumber.testng.PickleWrapper,io.cucumber.testng.FeatureWrapper)[pri:0, instance:myTestRunner.TestRunner@dd05255]" started-at="2025-02-10T23:45:55 CST" name="runScenario" description="Runs Cucumber Scenarios" data-provider="scenarios" finished-at="2025-02-10T23:46:42 CST" duration-ms="47057" status="PASS">
          <params>
            <param index="0">
              <value>
                <![CDATA["positive test of submitting the order"]]>
              </value>
            </param>
            <param index="1">
              <value>
                <![CDATA["Purchase the order from Ecommerce website"]]>
              </value>
            </param>
          </params>
          <reporter-output>
          </reporter-output>
        </test-method> <!-- runScenario -->
        <test-method signature="runScenario(io.cucumber.testng.PickleWrapper,io.cucumber.testng.FeatureWrapper)[pri:0, instance:myTestRunner.TestRunner@dd05255]" started-at="2025-02-10T23:46:42 CST" name="runScenario" description="Runs Cucumber Scenarios" data-provider="scenarios" finished-at="2025-02-10T23:47:17 CST" duration-ms="34703" status="PASS">
          <params>
            <param index="0">
              <value>
                <![CDATA["User is able to delete the product"]]>
              </value>
            </param>
            <param index="1">
              <value>
                <![CDATA["Purchase the order from Ecommerce website"]]>
              </value>
            </param>
          </params>
          <reporter-output>
          </reporter-output>
        </test-method> <!-- runScenario -->
        <test-method is-config="true" signature="tearDownClass()[pri:0, instance:myTestRunner.TestRunner@dd05255]" started-at="2025-02-10T23:47:17 CST" name="tearDownClass" finished-at="2025-02-10T23:47:17 CST" duration-ms="47" status="PASS">
          <reporter-output>
          </reporter-output>
        </test-method> <!-- tearDownClass -->
      </class> <!-- myTestRunner.TestRunner -->
    </test> <!-- Test -->
  </suite> <!-- Suite -->
</testng-results>
