<?xml version="1.0" encoding="UTF-8"?>
<!-- Generated by org.testng.reporters.JUnitReportReporter -->
<testsuite hostname="Chitti_Surf" failures="1" tests="2" name="myTestRunner.TestRunner" time="66.136" errors="0" timestamp="2025-01-31T14:42:56 CST" skipped="0">
  <testcase classname="myTestRunner.TestRunner" name="runScenario" time="28.345"/>
  <system-out/>
  <testcase classname="myTestRunner.TestRunner" name="runScenario" time="37.791">
    <failure message="expected [false] but found [true]" type="java.lang.AssertionError">
      <![CDATA[java.lang.AssertionError: expected [false] but found [true]
at org.testng.Assert.fail(Assert.java:99)
at org.testng.Assert.failNotEquals(Assert.java:1037)
at org.testng.Assert.assertFalse(Assert.java:67)
at org.testng.Assert.assertFalse(Assert.java:77)
at stepDefinitions.SubmitOrderStepDef.verify_confirmationmsg(SubmitOrderStepDef.java:105)
at ✽.verify the confirmation message order deleted succefully is diplayed(file:///C:/Users/hemaj/eclipse-workspace/CuCumberBDDMaveProject/src/test/java/bddcucumber/SubmitOrder.feature:21)
]]>
    </failure>
  </testcase> <!-- runScenario -->
  <system-out/>
</testsuite> <!-- myTestRunner.TestRunner -->
